gru 25, 2023 11:49:50 AM project.API.CurrencyExchangeApiClient fetchExchangeRate
INFO: Fetching exchange rates from the API...
gru 25, 2023 11:49:50 AM project.API.CurrencyExchangeApiClient fetchExchangeRate
INFO: Working on: 2022
gru 25, 2023 11:49:51 AM project.API.CurrencyExchangeApiClient fetchOneYearExchangeRates
INFO: avrValue for date 2022-04-02: 4,6401
gru 25, 2023 11:49:51 AM project.API.CurrencyExchangeApiClient fetchOneYearExchangeRates
INFO: avrValue for date 2022-04-03: 4,6401
gru 25, 2023 11:49:51 AM project.API.CurrencyExchangeApiClient fetchOneYearExchangeRates
INFO: avrValue for date 2022-04-09: 4,6428
gru 25, 2023 11:49:51 AM project.API.CurrencyExchangeApiClient fetchOneYearExchangeRates
INFO: avrValue for date 2022-04-10: 4,6428
gru 25, 2023 11:49:51 AM project.API.CurrencyExchangeApiClient fetchOneYearExchangeRates
INFO: avrValue for date 2022-04-16: 4,637
gru 25, 2023 11:49:51 AM project.API.CurrencyExchangeApiClient fetchOneYearExchangeRates
INFO: avrValue for date 2022-04-17: 4,637
gru 25, 2023 11:49:51 AM project.API.CurrencyExchangeApiClient fetchOneYearExchangeRates
INFO: avrValue for date 2022-04-18: 4,637
gru 25, 2023 11:49:51 AM project.API.CurrencyExchangeApiClient fetchOneYearExchangeRates
INFO: avrValue for date 2022-04-23: 4,6383
gru 25, 2023 11:49:51 AM project.API.CurrencyExchangeApiClient fetchOneYearExchangeRates
INFO: avrValue for date 2022-04-24: 4,6383
gru 25, 2023 11:49:51 AM project.API.CurrencyExchangeApiClient fetchOneYearExchangeRates
INFO: avrValue for date 2022-04-30: 4,6694
gru 25, 2023 11:49:51 AM project.API.CurrencyExchangeApiClient fetchOneYearExchangeRates
INFO: avrValue for date 2022-05-01: 4,6806
gru 25, 2023 11:49:51 AM project.API.CurrencyExchangeApiClient fetchOneYearExchangeRates
INFO: avrValue for date 2022-05-03: 4,6791
gru 25, 2023 11:49:51 AM project.API.CurrencyExchangeApiClient fetchOneYearExchangeRates
INFO: avrValue for date 2022-05-07: 4,7019
gru 25, 2023 11:49:51 AM project.API.CurrencyExchangeApiClient fetchOneYearExchangeRates
INFO: avrValue for date 2022-05-08: 4,7019
gru 25, 2023 11:49:51 AM project.API.CurrencyExchangeApiClient fetchOneYearExchangeRates
INFO: avrValue for date 2022-05-14: 4,6701
gru 25, 2023 11:49:51 AM project.API.CurrencyExchangeApiClient fetchOneYearExchangeRates
INFO: avrValue for date 2022-05-15: 4,6701
gru 25, 2023 11:49:51 AM project.API.CurrencyExchangeApiClient fetchOneYearExchangeRates
INFO: avrValue for date 2022-05-21: 4,6268
gru 25, 2023 11:49:51 AM project.API.CurrencyExchangeApiClient fetchOneYearExchangeRates
INFO: avrValue for date 2022-05-22: 4,6268
gru 25, 2023 11:49:51 AM project.API.CurrencyExchangeApiClient fetchOneYearExchangeRates
INFO: avrValue for date 2022-05-28: 4,5985
gru 25, 2023 11:49:51 AM project.API.CurrencyExchangeApiClient fetchOneYearExchangeRates
INFO: avrValue for date 2022-05-29: 4,5985
gru 25, 2023 11:49:51 AM project.API.CurrencyExchangeApiClient fetchOneYearExchangeRates
INFO: avrValue for date 2022-06-04: 4,5894
gru 25, 2023 11:49:51 AM project.API.CurrencyExchangeApiClient fetchOneYearExchangeRates
INFO: avrValue for date 2022-06-05: 4,5894
gru 25, 2023 11:49:51 AM project.API.CurrencyExchangeApiClient fetchOneYearExchangeRates
INFO: avrValue for date 2022-06-11: 4,6172
gru 25, 2023 11:49:51 AM project.API.CurrencyExchangeApiClient fetchOneYearExchangeRates
INFO: avrValue for date 2022-06-12: 4,6172
gru 25, 2023 11:49:51 AM project.API.CurrencyExchangeApiClient fetchOneYearExchangeRates
INFO: avrValue for date 2022-06-16: 4,6797
gru 25, 2023 11:49:51 AM project.API.CurrencyExchangeApiClient fetchOneYearExchangeRates
INFO: avrValue for date 2022-06-18: 4,6841
gru 25, 2023 11:49:51 AM project.API.CurrencyExchangeApiClient fetchOneYearExchangeRates
INFO: avrValue for date 2022-06-19: 4,6841
gru 25, 2023 11:49:51 AM project.API.CurrencyExchangeApiClient fetchOneYearExchangeRates
INFO: avrValue for date 2022-06-25: 4,7029
gru 25, 2023 11:49:51 AM project.API.CurrencyExchangeApiClient fetchOneYearExchangeRates
INFO: avrValue for date 2022-06-26: 4,7029
gru 25, 2023 11:49:51 AM project.API.CurrencyExchangeApiClient fetchOneYearExchangeRates
INFO: avrValue for date 2022-07-02: 4,7089
gru 25, 2023 11:49:51 AM project.API.CurrencyExchangeApiClient fetchOneYearExchangeRates
INFO: avrValue for date 2022-07-03: 4,7089
gru 25, 2023 11:49:51 AM project.API.CurrencyExchangeApiClient fetchOneYearExchangeRates
INFO: avrValue for date 2022-07-09: 4,7967
gru 25, 2023 11:49:51 AM project.API.CurrencyExchangeApiClient fetchOneYearExchangeRates
INFO: avrValue for date 2022-07-10: 4,7967
gru 25, 2023 11:49:51 AM project.API.CurrencyExchangeApiClient fetchOneYearExchangeRates
INFO: avrValue for date 2022-07-16: 4,7942
gru 25, 2023 11:49:51 AM project.API.CurrencyExchangeApiClient fetchOneYearExchangeRates
INFO: avrValue for date 2022-07-17: 4,7942
gru 25, 2023 11:49:51 AM project.API.CurrencyExchangeApiClient fetchOneYearExchangeRates
INFO: avrValue for date 2022-07-23: 4,742
gru 25, 2023 11:49:51 AM project.API.CurrencyExchangeApiClient fetchOneYearExchangeRates
INFO: avrValue for date 2022-07-24: 4,742
gru 25, 2023 11:49:51 AM project.API.CurrencyExchangeApiClient fetchOneYearExchangeRates
INFO: avrValue for date 2022-07-30: 4,7437
gru 25, 2023 11:49:51 AM project.API.CurrencyExchangeApiClient fetchOneYearExchangeRates
INFO: avrValue for date 2022-07-31: 4,7437
gru 25, 2023 11:49:51 AM project.API.CurrencyExchangeApiClient fetchOneYearExchangeRates
INFO: avrValue for date 2022-08-06: 4,7033
gru 25, 2023 11:49:51 AM project.API.CurrencyExchangeApiClient fetchOneYearExchangeRates
INFO: avrValue for date 2022-08-07: 4,7033
gru 25, 2023 11:49:51 AM project.API.CurrencyExchangeApiClient fetchOneYearExchangeRates
INFO: avrValue for date 2022-08-13: 4,688
gru 25, 2023 11:49:51 AM project.API.CurrencyExchangeApiClient fetchOneYearExchangeRates
INFO: avrValue for date 2022-08-14: 4,688
gru 25, 2023 11:49:51 AM project.API.CurrencyExchangeApiClient fetchOneYearExchangeRates
INFO: avrValue for date 2022-08-15: 4,688
gru 25, 2023 11:49:51 AM project.API.CurrencyExchangeApiClient fetchOneYearExchangeRates
INFO: avrValue for date 2022-08-20: 4,7486
gru 25, 2023 11:49:51 AM project.API.CurrencyExchangeApiClient fetchOneYearExchangeRates
INFO: avrValue for date 2022-08-21: 4,7486
gru 25, 2023 11:49:51 AM project.API.CurrencyExchangeApiClient fetchOneYearExchangeRates
INFO: avrValue for date 2022-08-27: 4,7471
gru 25, 2023 11:49:51 AM project.API.CurrencyExchangeApiClient fetchOneYearExchangeRates
INFO: avrValue for date 2022-08-28: 4,7471
gru 25, 2023 11:49:51 AM project.API.CurrencyExchangeApiClient fetchOneYearExchangeRates
INFO: avrValue for date 2022-09-03: 4,7203
gru 25, 2023 11:49:51 AM project.API.CurrencyExchangeApiClient fetchOneYearExchangeRates
INFO: avrValue for date 2022-09-04: 4,7203
gru 25, 2023 11:49:51 AM project.API.CurrencyExchangeApiClient fetchOneYearExchangeRates
INFO: avrValue for date 2022-09-10: 4,7105
gru 25, 2023 11:49:51 AM project.API.CurrencyExchangeApiClient fetchOneYearExchangeRates
INFO: avrValue for date 2022-09-11: 4,7105
gru 25, 2023 11:49:51 AM project.API.CurrencyExchangeApiClient fetchOneYearExchangeRates
INFO: avrValue for date 2022-09-17: 4,7159
gru 25, 2023 11:49:51 AM project.API.CurrencyExchangeApiClient fetchOneYearExchangeRates
INFO: avrValue for date 2022-09-18: 4,7159
gru 25, 2023 11:49:51 AM project.API.CurrencyExchangeApiClient fetchOneYearExchangeRates
INFO: avrValue for date 2022-09-24: 4,7578
gru 25, 2023 11:49:51 AM project.API.CurrencyExchangeApiClient fetchOneYearExchangeRates
INFO: avrValue for date 2022-09-25: 4,7578
gru 25, 2023 11:49:51 AM project.API.CurrencyExchangeApiClient fetchOneYearExchangeRates
INFO: avrValue for date 2022-10-01: 4,8272
gru 25, 2023 11:49:51 AM project.API.CurrencyExchangeApiClient fetchOneYearExchangeRates
INFO: avrValue for date 2022-10-02: 4,8272
gru 25, 2023 11:49:51 AM project.API.CurrencyExchangeApiClient fetchOneYearExchangeRates
INFO: avrValue for date 2022-10-08: 4,8642
gru 25, 2023 11:49:51 AM project.API.CurrencyExchangeApiClient fetchOneYearExchangeRates
INFO: avrValue for date 2022-10-09: 4,8642
gru 25, 2023 11:49:51 AM project.API.CurrencyExchangeApiClient fetchOneYearExchangeRates
INFO: avrValue for date 2022-10-15: 4,8279
gru 25, 2023 11:49:51 AM project.API.CurrencyExchangeApiClient fetchOneYearExchangeRates
INFO: avrValue for date 2022-10-16: 4,8279
gru 25, 2023 11:49:51 AM project.API.CurrencyExchangeApiClient fetchOneYearExchangeRates
INFO: avrValue for date 2022-10-22: 4,7835
gru 25, 2023 11:49:51 AM project.API.CurrencyExchangeApiClient fetchOneYearExchangeRates
INFO: avrValue for date 2022-10-23: 4,7835
gru 25, 2023 11:49:51 AM project.API.CurrencyExchangeApiClient fetchOneYearExchangeRates
INFO: avrValue for date 2022-10-29: 4,7144
gru 25, 2023 11:49:51 AM project.API.CurrencyExchangeApiClient fetchOneYearExchangeRates
INFO: avrValue for date 2022-10-30: 4,7144
gru 25, 2023 11:49:51 AM project.API.CurrencyExchangeApiClient fetchOneYearExchangeRates
INFO: avrValue for date 2022-11-01: 4,7039
gru 25, 2023 11:49:51 AM project.API.CurrencyExchangeApiClient fetchOneYearExchangeRates
INFO: avrValue for date 2022-11-05: 4,6878
gru 25, 2023 11:49:51 AM project.API.CurrencyExchangeApiClient fetchOneYearExchangeRates
INFO: avrValue for date 2022-11-06: 4,6878
gru 25, 2023 11:49:51 AM project.API.CurrencyExchangeApiClient fetchOneYearExchangeRates
INFO: avrValue for date 2022-11-11: 4,697
gru 25, 2023 11:49:51 AM project.API.CurrencyExchangeApiClient fetchOneYearExchangeRates
INFO: avrValue for date 2022-11-12: 4,697
gru 25, 2023 11:49:51 AM project.API.CurrencyExchangeApiClient fetchOneYearExchangeRates
INFO: avrValue for date 2022-11-13: 4,697
gru 25, 2023 11:49:51 AM project.API.CurrencyExchangeApiClient fetchOneYearExchangeRates
INFO: avrValue for date 2022-11-19: 4,7051
gru 25, 2023 11:49:51 AM project.API.CurrencyExchangeApiClient fetchOneYearExchangeRates
INFO: avrValue for date 2022-11-20: 4,7051
gru 25, 2023 11:49:51 AM project.API.CurrencyExchangeApiClient fetchOneYearExchangeRates
INFO: avrValue for date 2022-11-26: 4,686
gru 25, 2023 11:49:51 AM project.API.CurrencyExchangeApiClient fetchOneYearExchangeRates
INFO: avrValue for date 2022-11-27: 4,686
gru 25, 2023 11:49:51 AM project.API.CurrencyExchangeApiClient fetchOneYearExchangeRates
INFO: avrValue for date 2022-12-03: 4,6874
gru 25, 2023 11:49:51 AM project.API.CurrencyExchangeApiClient fetchOneYearExchangeRates
INFO: avrValue for date 2022-12-04: 4,6874
gru 25, 2023 11:49:51 AM project.API.CurrencyExchangeApiClient fetchOneYearExchangeRates
INFO: avrValue for date 2022-12-10: 4,6867
gru 25, 2023 11:49:51 AM project.API.CurrencyExchangeApiClient fetchOneYearExchangeRates
INFO: avrValue for date 2022-12-11: 4,6867
gru 25, 2023 11:49:51 AM project.API.CurrencyExchangeApiClient fetchOneYearExchangeRates
INFO: avrValue for date 2022-12-17: 4,691
gru 25, 2023 11:49:51 AM project.API.CurrencyExchangeApiClient fetchOneYearExchangeRates
INFO: avrValue for date 2022-12-18: 4,691
gru 25, 2023 11:49:51 AM project.API.CurrencyExchangeApiClient fetchOneYearExchangeRates
INFO: avrValue for date 2022-12-24: 4,6461
gru 25, 2023 11:49:51 AM project.API.CurrencyExchangeApiClient fetchOneYearExchangeRates
INFO: avrValue for date 2022-12-25: 4,6461
gru 25, 2023 11:49:51 AM project.API.CurrencyExchangeApiClient fetchOneYearExchangeRates
INFO: avrValue for date 2022-12-26: 4,6461
gru 25, 2023 11:49:51 AM project.API.CurrencyExchangeApiClient fetchOneYearExchangeRates
INFO: avrValue for date 2022-12-31: 4,6841
gru 25, 2023 11:49:51 AM project.API.CurrencyExchangeApiClient fetchOneYearExchangeRates
INFO: avrValue for date 2023-01-01: 4,6784
gru 25, 2023 11:49:51 AM project.API.CurrencyExchangeApiClient fetchOneYearExchangeRates
INFO: avrValue for date 2023-01-06: 4,6839
gru 25, 2023 11:49:51 AM project.API.CurrencyExchangeApiClient fetchOneYearExchangeRates
INFO: avrValue for date 2023-01-07: 4,6839
gru 25, 2023 11:49:51 AM project.API.CurrencyExchangeApiClient fetchOneYearExchangeRates
INFO: avrValue for date 2023-01-08: 4,6839
gru 25, 2023 11:49:51 AM project.API.CurrencyExchangeApiClient fetchOneYearExchangeRates
INFO: avrValue for date 2023-01-14: 4,6959
gru 25, 2023 11:49:51 AM project.API.CurrencyExchangeApiClient fetchOneYearExchangeRates
INFO: avrValue for date 2023-01-15: 4,6959
gru 25, 2023 11:49:51 AM project.API.CurrencyExchangeApiClient fetchOneYearExchangeRates
INFO: avrValue for date 2023-01-21: 4,7162
gru 25, 2023 11:49:51 AM project.API.CurrencyExchangeApiClient fetchOneYearExchangeRates
INFO: avrValue for date 2023-01-22: 4,7162
gru 25, 2023 11:49:51 AM project.API.CurrencyExchangeApiClient fetchOneYearExchangeRates
INFO: avrValue for date 2023-01-28: 4,7118
gru 25, 2023 11:49:51 AM project.API.CurrencyExchangeApiClient fetchOneYearExchangeRates
INFO: avrValue for date 2023-01-29: 4,7118
gru 25, 2023 11:49:51 AM project.API.CurrencyExchangeApiClient fetchOneYearExchangeRates
INFO: avrValue for date 2023-02-04: 4,7058
gru 25, 2023 11:49:51 AM project.API.CurrencyExchangeApiClient fetchOneYearExchangeRates
INFO: avrValue for date 2023-02-05: 4,7058
gru 25, 2023 11:49:51 AM project.API.CurrencyExchangeApiClient fetchOneYearExchangeRates
INFO: avrValue for date 2023-02-11: 4,7805
gru 25, 2023 11:49:51 AM project.API.CurrencyExchangeApiClient fetchOneYearExchangeRates
INFO: avrValue for date 2023-02-12: 4,7805
gru 25, 2023 11:49:51 AM project.API.CurrencyExchangeApiClient fetchOneYearExchangeRates
INFO: avrValue for date 2023-02-18: 4,7645
gru 25, 2023 11:49:51 AM project.API.CurrencyExchangeApiClient fetchOneYearExchangeRates
INFO: avrValue for date 2023-02-19: 4,7645
gru 25, 2023 11:49:51 AM project.API.CurrencyExchangeApiClient fetchOneYearExchangeRates
INFO: avrValue for date 2023-02-25: 4,7203
gru 25, 2023 11:49:51 AM project.API.CurrencyExchangeApiClient fetchOneYearExchangeRates
INFO: avrValue for date 2023-02-26: 4,7203
gru 25, 2023 11:49:51 AM project.API.CurrencyExchangeApiClient fetchOneYearExchangeRates
INFO: avrValue for date 2023-03-04: 4,7059
gru 25, 2023 11:49:51 AM project.API.CurrencyExchangeApiClient fetchOneYearExchangeRates
INFO: avrValue for date 2023-03-05: 4,7059
gru 25, 2023 11:49:51 AM project.API.CurrencyExchangeApiClient fetchOneYearExchangeRates
INFO: avrValue for date 2023-03-11: 4,6843
gru 25, 2023 11:49:51 AM project.API.CurrencyExchangeApiClient fetchOneYearExchangeRates
INFO: avrValue for date 2023-03-12: 4,6843
gru 25, 2023 11:49:51 AM project.API.CurrencyExchangeApiClient fetchOneYearExchangeRates
INFO: avrValue for date 2023-03-18: 4,7085
gru 25, 2023 11:49:51 AM project.API.CurrencyExchangeApiClient fetchOneYearExchangeRates
INFO: avrValue for date 2023-03-19: 4,7085
gru 25, 2023 11:49:51 AM project.API.CurrencyExchangeApiClient fetchOneYearExchangeRates
INFO: avrValue for date 2023-03-25: 4,6883
gru 25, 2023 11:49:51 AM project.API.CurrencyExchangeApiClient fetchOneYearExchangeRates
INFO: avrValue for date 2023-03-26: 4,6883
gru 25, 2023 11:49:54 AM project.API.CurrencyExchangeApiClient fetchExchangeRate
INFO: Request successful for year: 2022
gru 25, 2023 11:49:54 AM project.API.CurrencyExchangeApiClient fetchExchangeRate
INFO: Working on: 2023
gru 25, 2023 11:49:54 AM project.API.CurrencyExchangeApiClient fetchOneYearExchangeRates
INFO: avrValue for date 2023-04-01: 4,6805
gru 25, 2023 11:49:54 AM project.API.CurrencyExchangeApiClient fetchOneYearExchangeRates
INFO: avrValue for date 2023-04-02: 4,6805
gru 25, 2023 11:49:54 AM project.API.CurrencyExchangeApiClient fetchOneYearExchangeRates
INFO: avrValue for date 2023-04-08: 4,6836
gru 25, 2023 11:49:54 AM project.API.CurrencyExchangeApiClient fetchOneYearExchangeRates
INFO: avrValue for date 2023-04-09: 4,6836
gru 25, 2023 11:49:54 AM project.API.CurrencyExchangeApiClient fetchOneYearExchangeRates
INFO: avrValue for date 2023-04-10: 4,6836
gru 25, 2023 11:49:54 AM project.API.CurrencyExchangeApiClient fetchOneYearExchangeRates
INFO: avrValue for date 2023-04-15: 4,6418
gru 25, 2023 11:49:54 AM project.API.CurrencyExchangeApiClient fetchOneYearExchangeRates
INFO: avrValue for date 2023-04-16: 4,6418
gru 25, 2023 11:49:54 AM project.API.CurrencyExchangeApiClient fetchOneYearExchangeRates
INFO: avrValue for date 2023-04-22: 4,6084
gru 25, 2023 11:49:54 AM project.API.CurrencyExchangeApiClient fetchOneYearExchangeRates
INFO: avrValue for date 2023-04-23: 4,6084
gru 25, 2023 11:49:54 AM project.API.CurrencyExchangeApiClient fetchOneYearExchangeRates
INFO: avrValue for date 2023-04-29: 4,5891
gru 25, 2023 11:49:54 AM project.API.CurrencyExchangeApiClient fetchOneYearExchangeRates
INFO: avrValue for date 2023-04-30: 4,5891
gru 25, 2023 11:49:54 AM project.API.CurrencyExchangeApiClient fetchOneYearExchangeRates
INFO: avrValue for date 2023-05-01: 4,5892
gru 25, 2023 11:49:54 AM project.API.CurrencyExchangeApiClient fetchOneYearExchangeRates
INFO: avrValue for date 2023-05-03: 4,588
gru 25, 2023 11:49:54 AM project.API.CurrencyExchangeApiClient fetchOneYearExchangeRates
INFO: avrValue for date 2023-05-06: 4,5778
gru 25, 2023 11:49:54 AM project.API.CurrencyExchangeApiClient fetchOneYearExchangeRates
INFO: avrValue for date 2023-05-07: 4,5778
gru 25, 2023 11:49:54 AM project.API.CurrencyExchangeApiClient fetchOneYearExchangeRates
INFO: avrValue for date 2023-05-13: 4,527
gru 25, 2023 11:49:54 AM project.API.CurrencyExchangeApiClient fetchOneYearExchangeRates
INFO: avrValue for date 2023-05-14: 4,527
gru 25, 2023 11:49:54 AM project.API.CurrencyExchangeApiClient fetchOneYearExchangeRates
INFO: avrValue for date 2023-05-20: 4,5318
gru 25, 2023 11:49:54 AM project.API.CurrencyExchangeApiClient fetchOneYearExchangeRates
INFO: avrValue for date 2023-05-21: 4,5318
gru 25, 2023 11:49:54 AM project.API.CurrencyExchangeApiClient fetchOneYearExchangeRates
INFO: avrValue for date 2023-05-27: 4,5268
gru 25, 2023 11:49:54 AM project.API.CurrencyExchangeApiClient fetchOneYearExchangeRates
INFO: avrValue for date 2023-05-28: 4,5268
gru 25, 2023 11:49:54 AM project.API.CurrencyExchangeApiClient fetchOneYearExchangeRates
INFO: avrValue for date 2023-06-03: 4,5
gru 25, 2023 11:49:54 AM project.API.CurrencyExchangeApiClient fetchOneYearExchangeRates
INFO: avrValue for date 2023-06-04: 4,5
gru 25, 2023 11:49:54 AM project.API.CurrencyExchangeApiClient fetchOneYearExchangeRates
INFO: avrValue for date 2023-06-08: 4,4754
gru 25, 2023 11:49:54 AM project.API.CurrencyExchangeApiClient fetchOneYearExchangeRates
INFO: avrValue for date 2023-06-10: 4,4542
gru 25, 2023 11:49:54 AM project.API.CurrencyExchangeApiClient fetchOneYearExchangeRates
INFO: avrValue for date 2023-06-11: 4,4542
gru 25, 2023 11:49:54 AM project.API.CurrencyExchangeApiClient fetchOneYearExchangeRates
INFO: avrValue for date 2023-06-17: 4,452
gru 25, 2023 11:49:54 AM project.API.CurrencyExchangeApiClient fetchOneYearExchangeRates
INFO: avrValue for date 2023-06-18: 4,452
gru 25, 2023 11:49:54 AM project.API.CurrencyExchangeApiClient fetchOneYearExchangeRates
INFO: avrValue for date 2023-06-24: 4,4332
gru 25, 2023 11:49:54 AM project.API.CurrencyExchangeApiClient fetchOneYearExchangeRates
INFO: avrValue for date 2023-06-25: 4,4332
gru 25, 2023 11:49:54 AM project.API.CurrencyExchangeApiClient fetchOneYearExchangeRates
INFO: avrValue for date 2023-07-01: 4,4321
gru 25, 2023 11:49:54 AM project.API.CurrencyExchangeApiClient fetchOneYearExchangeRates
INFO: avrValue for date 2023-07-02: 4,4321
gru 25, 2023 11:49:54 AM project.API.CurrencyExchangeApiClient fetchOneYearExchangeRates
INFO: avrValue for date 2023-07-08: 4,4678
gru 25, 2023 11:49:54 AM project.API.CurrencyExchangeApiClient fetchOneYearExchangeRates
INFO: avrValue for date 2023-07-09: 4,4678
gru 25, 2023 11:49:54 AM project.API.CurrencyExchangeApiClient fetchOneYearExchangeRates
INFO: avrValue for date 2023-07-15: 4,4503
gru 25, 2023 11:49:54 AM project.API.CurrencyExchangeApiClient fetchOneYearExchangeRates
INFO: avrValue for date 2023-07-16: 4,4503
gru 25, 2023 11:49:54 AM project.API.CurrencyExchangeApiClient fetchOneYearExchangeRates
INFO: avrValue for date 2023-07-22: 4,4509
gru 25, 2023 11:49:54 AM project.API.CurrencyExchangeApiClient fetchOneYearExchangeRates
INFO: avrValue for date 2023-07-23: 4,4509
gru 25, 2023 11:49:54 AM project.API.CurrencyExchangeApiClient fetchOneYearExchangeRates
INFO: avrValue for date 2023-07-29: 4,4196
gru 25, 2023 11:49:54 AM project.API.CurrencyExchangeApiClient fetchOneYearExchangeRates
INFO: avrValue for date 2023-07-30: 4,4196
gru 25, 2023 11:49:54 AM project.API.CurrencyExchangeApiClient fetchOneYearExchangeRates
INFO: avrValue for date 2023-08-05: 4,4359
gru 25, 2023 11:49:54 AM project.API.CurrencyExchangeApiClient fetchOneYearExchangeRates
INFO: avrValue for date 2023-08-06: 4,4359
gru 25, 2023 11:49:54 AM project.API.CurrencyExchangeApiClient fetchOneYearExchangeRates
INFO: avrValue for date 2023-08-12: 4,4454
gru 25, 2023 11:49:54 AM project.API.CurrencyExchangeApiClient fetchOneYearExchangeRates
INFO: avrValue for date 2023-08-13: 4,4454
gru 25, 2023 11:49:54 AM project.API.CurrencyExchangeApiClient fetchOneYearExchangeRates
INFO: avrValue for date 2023-08-15: 4,4491
gru 25, 2023 11:49:54 AM project.API.CurrencyExchangeApiClient fetchOneYearExchangeRates
INFO: avrValue for date 2023-08-19: 4,4818
gru 25, 2023 11:49:54 AM project.API.CurrencyExchangeApiClient fetchOneYearExchangeRates
INFO: avrValue for date 2023-08-20: 4,4818
gru 25, 2023 11:49:54 AM project.API.CurrencyExchangeApiClient fetchOneYearExchangeRates
INFO: avrValue for date 2023-08-26: 4,4695
gru 25, 2023 11:49:54 AM project.API.CurrencyExchangeApiClient fetchOneYearExchangeRates
INFO: avrValue for date 2023-08-27: 4,4695
gru 25, 2023 11:49:54 AM project.API.CurrencyExchangeApiClient fetchOneYearExchangeRates
INFO: avrValue for date 2023-09-02: 4,4708
gru 25, 2023 11:49:54 AM project.API.CurrencyExchangeApiClient fetchOneYearExchangeRates
INFO: avrValue for date 2023-09-03: 4,4708
gru 25, 2023 11:49:54 AM project.API.CurrencyExchangeApiClient fetchOneYearExchangeRates
INFO: avrValue for date 2023-09-09: 4,6114
gru 25, 2023 11:49:54 AM project.API.CurrencyExchangeApiClient fetchOneYearExchangeRates
INFO: avrValue for date 2023-09-10: 4,6114
gru 25, 2023 11:49:54 AM project.API.CurrencyExchangeApiClient fetchOneYearExchangeRates
INFO: avrValue for date 2023-09-16: 4,6342
gru 25, 2023 11:49:54 AM project.API.CurrencyExchangeApiClient fetchOneYearExchangeRates
INFO: avrValue for date 2023-09-17: 4,6342
gru 25, 2023 11:49:54 AM project.API.CurrencyExchangeApiClient fetchOneYearExchangeRates
INFO: avrValue for date 2023-09-23: 4,5981
gru 25, 2023 11:49:54 AM project.API.CurrencyExchangeApiClient fetchOneYearExchangeRates
INFO: avrValue for date 2023-09-24: 4,5981
gru 25, 2023 11:49:54 AM project.API.CurrencyExchangeApiClient fetchOneYearExchangeRates
INFO: avrValue for date 2023-09-30: 4,6223
gru 25, 2023 11:49:54 AM project.API.CurrencyExchangeApiClient fetchOneYearExchangeRates
INFO: avrValue for date 2023-10-01: 4,6091
gru 25, 2023 11:49:54 AM project.API.CurrencyExchangeApiClient fetchOneYearExchangeRates
INFO: avrValue for date 2023-10-07: 4,5896
gru 25, 2023 11:49:54 AM project.API.CurrencyExchangeApiClient fetchOneYearExchangeRates
INFO: avrValue for date 2023-10-08: 4,5896
gru 25, 2023 11:49:54 AM project.API.CurrencyExchangeApiClient fetchOneYearExchangeRates
INFO: avrValue for date 2023-10-14: 4,5111
gru 25, 2023 11:49:54 AM project.API.CurrencyExchangeApiClient fetchOneYearExchangeRates
INFO: avrValue for date 2023-10-15: 4,5111
gru 25, 2023 11:49:54 AM project.API.CurrencyExchangeApiClient fetchOneYearExchangeRates
INFO: avrValue for date 2023-10-21: 4,4613
gru 25, 2023 11:49:54 AM project.API.CurrencyExchangeApiClient fetchOneYearExchangeRates
INFO: avrValue for date 2023-10-22: 4,4613
gru 25, 2023 11:49:54 AM project.API.CurrencyExchangeApiClient fetchOneYearExchangeRates
INFO: avrValue for date 2023-10-28: 4,4566
gru 25, 2023 11:49:54 AM project.API.CurrencyExchangeApiClient fetchOneYearExchangeRates
INFO: avrValue for date 2023-10-29: 4,4566
gru 25, 2023 11:49:54 AM project.API.CurrencyExchangeApiClient fetchOneYearExchangeRates
INFO: avrValue for date 2023-11-01: 4,4582
gru 25, 2023 11:49:54 AM project.API.CurrencyExchangeApiClient fetchOneYearExchangeRates
INFO: avrValue for date 2023-11-04: 4,4592
gru 25, 2023 11:49:54 AM project.API.CurrencyExchangeApiClient fetchOneYearExchangeRates
INFO: avrValue for date 2023-11-05: 4,4592
gru 25, 2023 11:49:54 AM project.API.CurrencyExchangeApiClient fetchOneYearExchangeRates
INFO: avrValue for date 2023-11-11: 4,4282
gru 25, 2023 11:49:54 AM project.API.CurrencyExchangeApiClient fetchOneYearExchangeRates
INFO: avrValue for date 2023-11-12: 4,4282
gru 25, 2023 11:49:54 AM project.API.CurrencyExchangeApiClient fetchOneYearExchangeRates
INFO: avrValue for date 2023-11-18: 4,3723
gru 25, 2023 11:49:54 AM project.API.CurrencyExchangeApiClient fetchOneYearExchangeRates
INFO: avrValue for date 2023-11-19: 4,3723
gru 25, 2023 11:49:54 AM project.API.CurrencyExchangeApiClient fetchOneYearExchangeRates
INFO: avrValue for date 2023-11-25: 4,3633
gru 25, 2023 11:49:54 AM project.API.CurrencyExchangeApiClient fetchOneYearExchangeRates
INFO: avrValue for date 2023-11-26: 4,3633
gru 25, 2023 11:49:54 AM project.API.CurrencyExchangeApiClient fetchOneYearExchangeRates
INFO: avrValue for date 2023-12-02: 4,3415
gru 25, 2023 11:49:54 AM project.API.CurrencyExchangeApiClient fetchOneYearExchangeRates
INFO: avrValue for date 2023-12-03: 4,3415
gru 25, 2023 11:49:54 AM project.API.CurrencyExchangeApiClient fetchOneYearExchangeRates
INFO: avrValue for date 2023-12-09: 4,3335
gru 25, 2023 11:49:54 AM project.API.CurrencyExchangeApiClient fetchOneYearExchangeRates
INFO: avrValue for date 2023-12-10: 4,3335
gru 25, 2023 11:49:54 AM project.API.CurrencyExchangeApiClient fetchOneYearExchangeRates
INFO: avrValue for date 2023-12-16: 4,3186
gru 25, 2023 11:49:54 AM project.API.CurrencyExchangeApiClient fetchOneYearExchangeRates
INFO: avrValue for date 2023-12-17: 4,3186
gru 25, 2023 11:49:54 AM project.API.CurrencyExchangeApiClient fetchOneYearExchangeRates
INFO: avrValue for date 2023-12-23: 4,3288
gru 25, 2023 11:49:54 AM project.API.CurrencyExchangeApiClient fetchOneYearExchangeRates
INFO: avrValue for date 2023-12-24: 4,3288
gru 25, 2023 11:49:54 AM project.API.CurrencyExchangeApiClient fetchExchangeRate
INFO: Request successful for year: 2023
gru 25, 2023 11:49:54 AM project.API.CurrencyExchangeApiClient fetchExchangeRate
INFO: Exchange prices API received successfully!
